[debug] [2024-02-08T13:30:57.199Z] ----------------------------------------------------------------------
[debug] [2024-02-08T13:30:57.204Z] Command:       C:\Program Files\nodejs\node.exe C:\Users\tdarcar\AppData\Roaming\npm\node_modules\firebase-tools\lib\bin\firebase.js deploy --debug
[debug] [2024-02-08T13:30:57.204Z] CLI Version:   13.2.1
[debug] [2024-02-08T13:30:57.205Z] Platform:      win32
[debug] [2024-02-08T13:30:57.205Z] Node Version:  v20.11.0
[debug] [2024-02-08T13:30:57.205Z] Time:          Thu Feb 08 2024 14:30:57 GMT+0100 (Central European Standard Time)
[debug] [2024-02-08T13:30:57.205Z] ----------------------------------------------------------------------
[debug] 
[debug] [2024-02-08T13:30:57.347Z] > command requires scopes: ["email","openid","https://www.googleapis.com/auth/cloudplatformprojects.readonly","https://www.googleapis.com/auth/firebase","https://www.googleapis.com/auth/cloud-platform"]
[debug] [2024-02-08T13:30:57.350Z] > authorizing via signed-in user (dario.caric@gmail.com)
[debug] [2024-02-08T13:30:57.350Z] [iam] checking project dario23 for permissions ["firebase.projects.get","firebasehosting.sites.update"]
[debug] [2024-02-08T13:30:57.355Z] >>> [apiv2][query] POST https://cloudresourcemanager.googleapis.com/v1/projects/dario23:testIamPermissions [none]
[debug] [2024-02-08T13:30:57.355Z] >>> [apiv2][(partial)header] POST https://cloudresourcemanager.googleapis.com/v1/projects/dario23:testIamPermissions x-goog-quota-user=projects/dario23
[debug] [2024-02-08T13:30:57.356Z] >>> [apiv2][body] POST https://cloudresourcemanager.googleapis.com/v1/projects/dario23:testIamPermissions {"permissions":["firebase.projects.get","firebasehosting.sites.update"]}
[debug] [2024-02-08T13:30:58.214Z] <<< [apiv2][status] POST https://cloudresourcemanager.googleapis.com/v1/projects/dario23:testIamPermissions 200
[debug] [2024-02-08T13:30:58.215Z] <<< [apiv2][body] POST https://cloudresourcemanager.googleapis.com/v1/projects/dario23:testIamPermissions {"permissions":["firebase.projects.get","firebasehosting.sites.update"]}
[debug] [2024-02-08T13:30:58.217Z] >>> [apiv2][query] GET https://firebase.googleapis.com/v1beta1/projects/dario23 [none]
[debug] [2024-02-08T13:30:58.621Z] <<< [apiv2][status] GET https://firebase.googleapis.com/v1beta1/projects/dario23 200
[debug] [2024-02-08T13:30:58.621Z] <<< [apiv2][body] GET https://firebase.googleapis.com/v1beta1/projects/dario23 {"projectId":"dario23","projectNumber":"1080370619931","displayName":"dc23r1","name":"projects/dario23","resources":{"hostingSite":"dario23"},"state":"ACTIVE","etag":"1_d17dbc62-00b8-4286-9854-f8896810bb28"}
[info] 
[info] === Deploying to 'dario23'...
[info] 
[info] i  deploying hosting 
[debug] [2024-02-08T13:30:58.631Z] >>> [apiv2][query] POST https://firebasehosting.googleapis.com/v1beta1/projects/-/sites/dario23/versions [none]
[debug] [2024-02-08T13:30:58.631Z] >>> [apiv2][body] POST https://firebasehosting.googleapis.com/v1beta1/projects/-/sites/dario23/versions {"status":"CREATED","labels":{"deployment-tool":"cli-firebase"}}
[debug] [2024-02-08T13:31:02.233Z] <<< [apiv2][status] POST https://firebasehosting.googleapis.com/v1beta1/projects/-/sites/dario23/versions 200
[debug] [2024-02-08T13:31:02.233Z] <<< [apiv2][body] POST https://firebasehosting.googleapis.com/v1beta1/projects/-/sites/dario23/versions {"name":"projects/1080370619931/sites/dario23/versions/2313e8149aab5bf9","status":"CREATED","config":{},"labels":{"deployment-tool":"cli-firebase"}}
[info] i  hosting[dario23]: beginning deploy... 
[info] i  hosting[dario23]: found 14 files in build 
[debug] [2024-02-08T13:31:02.254Z] [hosting] uploading with 200 concurrency
[debug] [2024-02-08T13:31:02.263Z] [hosting] hash cache [YnVpbGQ] stored for 14 files
[debug] [2024-02-08T13:31:02.264Z] [hosting][hash queue][FINAL] {"max":4,"min":1,"avg":1,"active":0,"complete":14,"success":14,"errored":0,"retried":0,"total":14,"elapsed":7}
[debug] [2024-02-08T13:31:02.266Z] >>> [apiv2][query] POST https://firebasehosting.googleapis.com/v1beta1/projects/1080370619931/sites/dario23/versions/2313e8149aab5bf9:populateFiles [none]
[debug] [2024-02-08T13:31:02.266Z] >>> [apiv2][body] POST https://firebasehosting.googleapis.com/v1beta1/projects/1080370619931/sites/dario23/versions/2313e8149aab5bf9:populateFiles {"files":{"/asset-manifest.json":"63b2f42e0b5eca14ed9c92a0180f7acc3730220496438024ffcf5d5284ee6cc9","/favicon.ico":"27edce7be5922cf0bef7d4136f69b5bfbdd5bf8c13c7b026f71187d41a00aa7d","/index.html":"d7cda5f269ca8f32c093ea48120ddbf94607bcccdeb30562372c48f9a15c1ddf","/logo192.png":"79e2b749561016bc8af300ea19f48347ceed3cb1a54f48ae456172eca45e08f0","/logo512.png":"212b102aa09e51b3b3e06647e81f7801a61333e171f6582e8124379aabccb41d","/manifest.json":"ee04fb47e525c67d8424ffe9b4d8a8a24e434504478afca4e0ca602146836d4c","/robots.txt":"bfe106a3fb878dc83461c86818bf74fc1bdc7f28538ba613cd3e775516ce8b49","/static/css/main.259973cb.css":"1924b45adadbf5be37bd8e98ebe4f389bd6ecb763b19ab21d097829b9db73c82","/static/css/main.259973cb.css.map":"f936522daa534c0d6c76e8518b4bf13b8c4d21d5e0ea5d42e639df4ba75f6d0b","/static/js/592.e036b79b.chunk.js":"4d70509d23e26f2fa42e855172c616c0d1b62811d577b0bab924caa19caccbb5","/static/js/592.e036b79b.chunk.js.map":"276d40ad7be81eb95c8c73eb4be556d7eab6eaa9e1b9ca1b54fba4abad73a95f","/static/js/main.fd094dfd.js":"b354449b659552eff6cdb8d5107cb02cb8f9d0265f2601d2628c666ec27d3593","/static/js/main.fd094dfd.js.LICENSE.txt":"ebb955790131b63156f7f1d15240d328171a58be63d822f12db953b3d6e41eec","/static/js/main.fd094dfd.js.map":"48965b2fe337a1a85cacf0d294d30d859f5e0f9b2bc1684ae3010c1170d6abd1"}}
[debug] [2024-02-08T13:31:02.763Z] <<< [apiv2][status] POST https://firebasehosting.googleapis.com/v1beta1/projects/1080370619931/sites/dario23/versions/2313e8149aab5bf9:populateFiles 200
[debug] [2024-02-08T13:31:02.764Z] <<< [apiv2][body] POST https://firebasehosting.googleapis.com/v1beta1/projects/1080370619931/sites/dario23/versions/2313e8149aab5bf9:populateFiles {"uploadUrl":"https://upload-firebasehosting.googleapis.com/upload/sites/dario23/versions/2313e8149aab5bf9/files"}
[debug] [2024-02-08T13:31:02.764Z] [hosting][populate queue][FINAL] {"max":503,"min":503,"avg":503,"active":0,"complete":1,"success":1,"errored":0,"retried":0,"total":1,"elapsed":503}
[debug] [2024-02-08T13:31:02.765Z] [hosting] uploads queued: 0
[debug] [2024-02-08T13:31:02.766Z] [hosting][upload queue][FINAL] {"max":0,"min":9999999999,"avg":0,"active":0,"complete":0,"success":0,"errored":0,"retried":0,"total":0,"elapsed":1707399062766}
[info] i  hosting: upload complete 
[info] +  hosting[dario23]: file upload complete 
[debug] [2024-02-08T13:31:02.767Z] [hosting] deploy completed after 531ms
[debug] [2024-02-08T13:31:02.767Z] [
  {
    "config": {
      "public": "build",
      "ignore": [
        "firebase.json",
        "**/.*",
        "**/node_modules/**"
      ],
      "site": "dario23"
    },
    "version": "projects/1080370619931/sites/dario23/versions/2313e8149aab5bf9"
  }
]
[info] i  hosting[dario23]: finalizing version... 
[debug] [2024-02-08T13:31:02.771Z] >>> [apiv2][query] PATCH https://firebasehosting.googleapis.com/v1beta1/projects/-/sites/dario23/versions/2313e8149aab5bf9 updateMask=status%2Cconfig
[debug] [2024-02-08T13:31:02.772Z] >>> [apiv2][body] PATCH https://firebasehosting.googleapis.com/v1beta1/projects/-/sites/dario23/versions/2313e8149aab5bf9 {"status":"FINALIZED","config":{}}
[debug] [2024-02-08T13:31:05.457Z] <<< [apiv2][status] PATCH https://firebasehosting.googleapis.com/v1beta1/projects/-/sites/dario23/versions/2313e8149aab5bf9 200
[debug] [2024-02-08T13:31:05.457Z] <<< [apiv2][body] PATCH https://firebasehosting.googleapis.com/v1beta1/projects/-/sites/dario23/versions/2313e8149aab5bf9 {"name":"projects/1080370619931/sites/dario23/versions/2313e8149aab5bf9","status":"FINALIZED","config":{},"labels":{"deployment-tool":"cli-firebase"},"createTime":"2024-02-08T13:30:59.645916Z","createUser":{"email":"dario.caric@gmail.com"},"finalizeTime":"2024-02-08T13:31:05.283892Z","finalizeUser":{"email":"dario.caric@gmail.com"}}
[debug] [2024-02-08T13:31:05.457Z] [hosting] finalized version for dario23:[object Object]
[info] +  hosting[dario23]: version finalized 
[info] i  hosting[dario23]: releasing new version... 
[debug] [2024-02-08T13:31:05.459Z] >>> [apiv2][query] POST https://firebasehosting.googleapis.com/v1beta1/projects/-/sites/dario23/channels/live/releases versionName=projects%2F1080370619931%2Fsites%2Fdario23%2Fversions%2F2313e8149aab5bf9
[debug] [2024-02-08T13:31:05.459Z] >>> [apiv2][body] POST https://firebasehosting.googleapis.com/v1beta1/projects/-/sites/dario23/channels/live/releases {}
[debug] [2024-02-08T13:31:06.133Z] <<< [apiv2][status] POST https://firebasehosting.googleapis.com/v1beta1/projects/-/sites/dario23/channels/live/releases 200
[debug] [2024-02-08T13:31:06.133Z] <<< [apiv2][body] POST https://firebasehosting.googleapis.com/v1beta1/projects/-/sites/dario23/channels/live/releases {"name":"projects/1080370619931/sites/dario23/channels/live/releases/1707399065268000","version":{"name":"projects/1080370619931/sites/dario23/versions/2313e8149aab5bf9","status":"FINALIZED","config":{},"labels":{"deployment-tool":"cli-firebase"},"createTime":"2024-02-08T13:30:59.645916Z","createUser":{"email":"dario.caric@gmail.com","imageUrl":"https://lh3.googleusercontent.com/a/ACg8ocJ16ruavBilVwMhLcFTcD7BQdtYsQWK1u5ypJloN9xWAag"},"finalizeTime":"2024-02-08T13:31:05.283892Z","finalizeUser":{"email":"dario.caric@gmail.com","imageUrl":"https://lh3.googleusercontent.com/a/ACg8ocJ16ruavBilVwMhLcFTcD7BQdtYsQWK1u5ypJloN9xWAag"}},"type":"DEPLOY","releaseTime":"2024-02-08T13:31:05.268Z","releaseUser":{"email":"dario.caric@gmail.com","imageUrl":"https://lh3.googleusercontent.com/a/ACg8ocJ16ruavBilVwMhLcFTcD7BQdtYsQWK1u5ypJloN9xWAag"}}
[debug] [2024-02-08T13:31:06.134Z] [hosting] release: {"name":"projects/1080370619931/sites/dario23/channels/live/releases/1707399065268000","version":{"name":"projects/1080370619931/sites/dario23/versions/2313e8149aab5bf9","status":"FINALIZED","config":{},"labels":{"deployment-tool":"cli-firebase"},"createTime":"2024-02-08T13:30:59.645916Z","createUser":{"email":"dario.caric@gmail.com","imageUrl":"https://lh3.googleusercontent.com/a/ACg8ocJ16ruavBilVwMhLcFTcD7BQdtYsQWK1u5ypJloN9xWAag"},"finalizeTime":"2024-02-08T13:31:05.283892Z","finalizeUser":{"email":"dario.caric@gmail.com","imageUrl":"https://lh3.googleusercontent.com/a/ACg8ocJ16ruavBilVwMhLcFTcD7BQdtYsQWK1u5ypJloN9xWAag"}},"type":"DEPLOY","releaseTime":"2024-02-08T13:31:05.268Z","releaseUser":{"email":"dario.caric@gmail.com","imageUrl":"https://lh3.googleusercontent.com/a/ACg8ocJ16ruavBilVwMhLcFTcD7BQdtYsQWK1u5ypJloN9xWAag"}}
[info] +  hosting[dario23]: release complete 
[info] 
[info] +  Deploy complete! 
[info] 
[info] Project Console: https://console.firebase.google.com/project/dario23/overview
[info] Hosting URL: https://dario23.web.app
